<?xml version="1.0" encoding="UTF-8"?><testsuite errors="0" failures="1" name="as a user I want to be able to divide two integer numbers" skipped="0" tests="3" time="145.56" timestamp="2017-05-144 05:04:26"><testcase name="division of two positive integers (exact result)"/><testcase name="division of two negative integers (exact result)"/><testcase name="division of a positive and a negative integer (exact result)"><failure type="java.lang.AssertionError"/><system-err>null&#13;
com.appdebug.steps.serenity.UserFlow.shouldSeeResult(UserFlow.java:44)&#13;
com.appdebug.steps.UserSteps.the_user_should_see_as_result_the_value(UserSteps.java:47)&#13;
✽.Then the user should see as result the value '-2'(arithmetic operations/division.feature:19)&#13;
</system-err></testcase></testsuite>