<?xml version="1.0" encoding="UTF-8"?><testsuite errors="0" failures="1" name="as a user I want to be able to multiply two integer numbers" skipped="0" tests="3" time="132.66" timestamp="2017-05-146 09:53:47"><testcase name="multiplication of two positive integers"/><testcase name="multiplication of one positive and one negative integer"><failure type="java.lang.AssertionError"/><system-err>null&#13;
com.appdebug.steps.serenity.UserFlow.shouldSeeResult(UserFlow.java:44)&#13;
com.appdebug.steps.UserSteps.the_user_should_see_as_result_the_value(UserSteps.java:47)&#13;
✽.Then the user should see as result the value '-2'(arithmetic operations/multiplication.feature:14)&#13;
</system-err></testcase><testcase name="multiplication of two negative integers"/></testsuite>